{
  "RSpec": {
    "coverage": {
      "/home/sylvain/Sources/Bouquins/app/admin/authors.rb": [
        1,
        1,
        0,
        0,
        0,
        0,
        0,
        null,
        null,
        1,
        0,
        null,
        0,
        0,
        0,
        0,
        0,
        0,
        0,
        0,
        0,
        0,
        null,
        null,
        null,
        null,
        null,
        null,
        null
      ],
      "/home/sylvain/Sources/Bouquins/app/models/author.rb": [
        1,
        null,
        null,
        1,
        null,
        null
      ],
      "/home/sylvain/Sources/Bouquins/app/controllers/application_controller.rb": [
        1,
        1,
        null
      ],
      "/home/sylvain/Sources/Bouquins/app/helpers/application_helper.rb": [
        1,
        1,
        null
      ],
      "/home/sylvain/Sources/Bouquins/app/helpers/authors_helper.rb": [
        1,
        null
      ],
      "/home/sylvain/Sources/Bouquins/app/helpers/books_helper.rb": [
        1,
        null
      ],
      "/home/sylvain/Sources/Bouquins/app/helpers/index_helper.rb": [
        1,
        null
      ],
      "/home/sylvain/Sources/Bouquins/app/helpers/owned_books_helper.rb": [
        1,
        null
      ],
      "/home/sylvain/Sources/Bouquins/app/helpers/read_books_helper.rb": [
        1,
        null
      ],
      "/home/sylvain/Sources/Bouquins/app/helpers/readings_helper.rb": [
        1,
        null
      ],
      "/home/sylvain/Sources/Bouquins/app/helpers/users_helper.rb": [
        1,
        null
      ],
      "/home/sylvain/Sources/Bouquins/app/admin/books.rb": [
        1,
        1,
        0,
        0,
        0,
        0,
        0,
        null,
        null,
        1,
        0,
        0,
        0,
        0,
        0,
        0,
        0,
        null,
        0,
        0,
        0,
        null,
        null,
        null,
        null,
        0,
        0,
        0,
        0,
        0,
        0,
        0,
        null,
        0,
        0,
        null,
        0,
        0,
        null,
        null,
        null,
        null,
        null,
        null,
        0,
        0,
        0,
        0,
        0,
        0,
        0,
        0,
        null,
        0,
        0,
        null,
        null,
        null,
        null,
        null,
        null,
        0,
        0,
        0,
        0,
        0,
        0,
        null,
        0,
        0,
        null,
        0,
        0,
        null,
        0,
        0,
        0,
        null,
        0,
        null,
        0,
        null,
        null,
        null,
        null,
        null,
        null,
        0,
        0,
        0,
        0,
        0,
        0,
        null,
        0,
        0,
        null,
        0,
        0,
        null,
        0,
        0,
        null,
        null,
        null,
        null,
        null,
        null
      ],
      "/home/sylvain/Sources/Bouquins/app/models/book.rb": [
        1,
        1,
        null,
        1,
        1,
        1,
        null,
        1,
        3,
        7,
        6,
        null,
        null,
        1,
        3,
        7,
        6,
        null,
        null,
        1,
        3,
        5,
        null,
        1,
        null,
        null,
        null,
        1,
        8,
        8,
        6,
        6,
        4,
        4,
        4,
        null,
        4,
        4,
        null,
        4,
        4,
        4,
        3,
        3,
        12,
        12,
        12,
        12,
        12,
        12,
        12,
        12,
        12,
        12,
        12,
        12,
        12,
        null,
        null,
        12,
        12,
        12,
        null,
        0,
        null,
        0,
        null,
        null,
        12,
        null,
        null,
        null,
        0,
        null,
        null,
        12,
        12,
        12,
        12,
        12,
        null,
        null,
        null,
        null,
        null,
        null,
        null,
        null,
        null,
        null,
        12,
        null,
        null,
        3,
        3,
        null,
        1,
        1,
        null,
        null,
        2,
        2,
        null,
        0,
        null,
        null,
        1,
        1,
        24,
        null,
        null,
        1,
        24,
        null,
        null
      ],
      "/home/sylvain/Sources/Bouquins/app/admin/dashboards.rb": [
        1,
        null,
        null,
        null,
        null,
        null,
        null,
        null,
        null,
        null,
        null,
        null,
        null,
        null,
        null,
        null,
        null,
        null,
        null,
        null,
        null,
        null,
        null,
        null,
        null,
        null,
        null,
        null,
        null,
        null,
        null,
        null,
        null,
        null,
        null,
        null,
        null,
        1,
        0,
        0,
        0,
        0,
        0,
        0,
        null,
        null,
        null,
        null
      ],
      "/home/sylvain/Sources/Bouquins/app/admin/editions.rb": [
        1,
        1,
        0,
        0,
        null,
        0,
        0,
        null,
        0,
        0,
        null,
        0,
        0,
        0,
        null,
        0,
        null,
        0,
        null,
        null,
        0,
        null,
        null,
        null
      ],
      "/home/sylvain/Sources/Bouquins/app/models/edition.rb": [
        1,
        null,
        1,
        1,
        null,
        1,
        1,
        1,
        1,
        null
      ],
      "/home/sylvain/Sources/Bouquins/app/admin/editors.rb": [
        1,
        1,
        0,
        0,
        0,
        null,
        0,
        0,
        null,
        0,
        0,
        null,
        0,
        null,
        null,
        1,
        0,
        0,
        0,
        0,
        0,
        0,
        0,
        null,
        0,
        0,
        null,
        0,
        0,
        0,
        0,
        null,
        0,
        0,
        null,
        0,
        0,
        null,
        0,
        0,
        null,
        0,
        0,
        0,
        0,
        null,
        null,
        null,
        null,
        null,
        null
      ],
      "/home/sylvain/Sources/Bouquins/app/models/editor.rb": [
        1,
        null,
        1,
        1,
        null
      ],
      "/home/sylvain/Sources/Bouquins/app/admin/users.rb": [
        1,
        1,
        0,
        0,
        0,
        null,
        null,
        1,
        0,
        null,
        0,
        0,
        0,
        0,
        0,
        0,
        0,
        null,
        0,
        0,
        null,
        0,
        0,
        null,
        0,
        0,
        0,
        null,
        0,
        0,
        null,
        0,
        0,
        null,
        0,
        0,
        null,
        0,
        0,
        null,
        null,
        null,
        null,
        null,
        null,
        0,
        0,
        0,
        0,
        0,
        0,
        0,
        null,
        0,
        0,
        null,
        0,
        0,
        0,
        0,
        null,
        0,
        0,
        null,
        0,
        0,
        null,
        0,
        0,
        null,
        0,
        0,
        0,
        0,
        null,
        null,
        null,
        null,
        null,
        null,
        null
      ],
      "/home/sylvain/Sources/Bouquins/app/models/user.rb": [
        1,
        null,
        null,
        1,
        null,
        null,
        null,
        1,
        null,
        1,
        null,
        1,
        1,
        1,
        1,
        null,
        1,
        0,
        0,
        0,
        0,
        null,
        null,
        null,
        null,
        null,
        null
      ],
      "/home/sylvain/Sources/Bouquins/app/models/admin_user.rb": [
        1,
        null,
        null,
        1,
        null,
        null,
        null,
        1,
        null
      ],
      "/home/sylvain/Sources/Bouquins/app/models/owning.rb": [
        1,
        1,
        1,
        1,
        1,
        null,
        1,
        1,
        14,
        14,
        null,
        null,
        1,
        0,
        0,
        null,
        null
      ],
      "/home/sylvain/Sources/Bouquins/app/models/rate.rb": [
        1,
        1,
        1,
        1,
        null,
        1,
        null
      ],
      "/home/sylvain/Sources/Bouquins/app/models/reading.rb": [
        1,
        1,
        1,
        1,
        1,
        null,
        1,
        1,
        14,
        14,
        null,
        null,
        1,
        0,
        0,
        null,
        null
      ]
    },
    "timestamp": 1330256541
  }
}
